<?xml version="1.0" encoding="UTF-8"?>
<!-- Generated by org.testng.reporters.JUnitReportReporter -->
<testsuite hostname="DESKTOP-5HFIUNM" failures="0" tests="1" name="test_package.Testclss_OHRM_TNG" time="10.319" errors="0" timestamp="2022-06-27T10:12:26 IST" skipped="0">
  <testcase classname="test_package.Testclss_OHRM_TNG" name="ValidateHomePage" time="10.319"/>
  <system-out/>
</testsuite> <!-- test_package.Testclss_OHRM_TNG -->
