<?xml version="1.0" encoding="UTF-8"?>
<!-- Generated by org.testng.reporters.JUnitReportReporter -->
<testsuite hostname="DESKTOP-5HFIUNM" failures="0" tests="2" name="test_package.Testpac_for_TestNG_Suite_1" time="0.007" errors="0" timestamp="2022-07-03T22:05:55 IST" skipped="0">
  <testcase classname="test_package.Testpac_for_TestNG_Suite_1" name="test2" time="0.004"/>
  <system-out/>
  <testcase classname="test_package.Testpac_for_TestNG_Suite_1" name="test1" time="0.003"/>
  <system-out/>
</testsuite> <!-- test_package.Testpac_for_TestNG_Suite_1 -->
