<?xml version="1.0" encoding="UTF-8"?>
<!-- Generated by org.testng.reporters.JUnitReportReporter -->
<testsuite hostname="DESKTOP-5HFIUNM" failures="0" tests="2" name="demo.Demo_1" time="0.012" errors="0" timestamp="2022-07-04T14:16:44 IST" skipped="0">
  <testcase classname="demo.Demo_1" name="test" time="0.002"/>
  <system-out/>
  <testcase classname="demo.Demo_1" name="test" time="0.010"/>
  <system-out/>
</testsuite> <!-- demo.Demo_1 -->
