<?xml version="1.0" encoding="UTF-8"?>
<!-- Generated by org.testng.reporters.JUnitReportReporter -->
<testsuite hostname="DESKTOP-5HFIUNM" failures="0" tests="3" name="test_package.Testclass_TNG" time="0.010" errors="0" timestamp="2022-06-27T05:16:30 IST" skipped="0">
  <testcase classname="test_package.Testclass_TNG" name="testclass3" time="0.002"/>
  <system-out/>
  <testcase classname="test_package.Testclass_TNG" name="validate" time="0.002"/>
  <system-out/>
  <testcase classname="test_package.Testclass_TNG" name="testclass2" time="0.006"/>
  <system-out/>
</testsuite> <!-- test_package.Testclass_TNG -->
