<?xml version="1.0" encoding="UTF-8"?>
<!-- Generated by org.testng.reporters.JUnitReportReporter -->
<testsuite hostname="DESKTOP-5HFIUNM" failures="0" tests="2" name="demo.Demo_2" time="0.014" errors="0" timestamp="2022-07-04T14:16:44 IST" skipped="0">
  <testcase classname="demo.Demo_2" name="test" time="0.011"/>
  <system-out/>
  <testcase classname="demo.Demo_2" name="test" time="0.003"/>
  <system-out/>
</testsuite> <!-- demo.Demo_2 -->
