<?xml version="1.0" encoding="UTF-8"?>
<!-- Generated by org.testng.reporters.JUnitReportReporter -->
<testsuite hostname="DESKTOP-5HFIUNM" failures="0" tests="2" name="pom_package.pom_for_TestNG_Suite" time="0.002" errors="0" timestamp="2022-07-03T22:05:55 IST" skipped="0">
  <testcase classname="pom_package.pom_for_TestNG_Suite" name="test2" time="0.001"/>
  <system-out/>
  <testcase classname="pom_package.pom_for_TestNG_Suite" name="test1" time="0.001"/>
  <system-out/>
</testsuite> <!-- pom_package.pom_for_TestNG_Suite -->
